#! /usr/bin/vvp
:ivl_version "10.3 (stable)";
:ivl_delay_selection "TYPICAL";
:vpi_time_precision + 0;
:vpi_module "system";
:vpi_module "vhdl_sys";
:vpi_module "v2005_math";
:vpi_module "va_math";
S_0x561782d0a110 .scope module, "probador" "probador" 2 24;
 .timescale 0 0;
v0x561782d5f6c0_0 .net "Q", 3 0, v0x561782d458f0_0;  1 drivers
v0x561782d5f7a0_0 .net "clk", 0 0, v0x561782d5f210_0;  1 drivers
v0x561782d5f860_0 .net "data", 3 0, v0x561782d5f320_0;  1 drivers
v0x561782d5f900_0 .net "enb", 0 0, v0x561782d5f410_0;  1 drivers
v0x561782d5f9a0_0 .net "modo", 0 0, v0x561782d5f500_0;  1 drivers
S_0x561782d0a290 .scope module, "UUT" "Counter" 2 31, 3 81 0, S_0x561782d0a110;
 .timescale 0 0;
    .port_info 0 /INPUT 1 "clk"
    .port_info 1 /INPUT 1 "enb"
    .port_info 2 /INPUT 1 "modo"
    .port_info 3 /INPUT 4 "data"
    .port_info 4 /OUTPUT 4 "Q"
v0x561782d5e8a0_0 .net "Q", 3 0, v0x561782d458f0_0;  alias, 1 drivers
v0x561782d5e960_0 .net "clk", 0 0, v0x561782d5f210_0;  alias, 1 drivers
v0x561782d5ea00_0 .net "data", 3 0, v0x561782d5f320_0;  alias, 1 drivers
v0x561782d5eb00_0 .net "enb", 0 0, v0x561782d5f410_0;  alias, 1 drivers
v0x561782d5ebd0_0 .net "modo", 0 0, v0x561782d5f500_0;  alias, 1 drivers
v0x561782d5ecc0_0 .net "nand_a", 0 0, L_0x561782d5fa90;  1 drivers
v0x561782d5ed90_0 .net "nand_b", 0 0, L_0x561782d5fb80;  1 drivers
v0x561782d5ee60_0 .net "nand_out_rst", 0 0, L_0x561782d5fcb0;  1 drivers
L_0x561782d5fa90 .part v0x561782d458f0_0, 0, 1;
L_0x561782d5fb80 .part v0x561782d458f0_0, 1, 1;
S_0x561782d45680 .scope module, "counter_4bits" "Counter_4bits" 3 96, 3 29 0, S_0x561782d0a290;
 .timescale 0 0;
    .port_info 0 /INPUT 1 "clk"
    .port_info 1 /INPUT 1 "enb"
    .port_info 2 /INPUT 1 "rst"
    .port_info 3 /INPUT 1 "modo"
    .port_info 4 /INPUT 4 "data"
    .port_info 5 /OUTPUT 4 "Q"
v0x561782d458f0_0 .var "Q", 3 0;
v0x561782d5de30_0 .net "clk", 0 0, v0x561782d5f210_0;  alias, 1 drivers
v0x561782d5def0_0 .net "data", 3 0, v0x561782d5f320_0;  alias, 1 drivers
v0x561782d5dfb0_0 .net "enb", 0 0, v0x561782d5f410_0;  alias, 1 drivers
v0x561782d5e070_0 .net "modo", 0 0, v0x561782d5f500_0;  alias, 1 drivers
v0x561782d5e180_0 .net "rst", 0 0, L_0x561782d5fcb0;  alias, 1 drivers
E_0x561782d44130 .event posedge, v0x561782d5de30_0;
S_0x561782d5e300 .scope module, "nand_inst" "NAND" 3 106, 3 72 0, S_0x561782d0a290;
 .timescale 0 0;
    .port_info 0 /INPUT 1 "a"
    .port_info 1 /INPUT 1 "b"
    .port_info 2 /OUTPUT 1 "y"
L_0x561782d5fc20 .functor AND 1, L_0x561782d5fa90, L_0x561782d5fb80, C4<1>, C4<1>;
L_0x561782d5fcb0 .functor NOT 1, L_0x561782d5fc20, C4<0>, C4<0>, C4<0>;
v0x561782d5e540_0 .net *"_s0", 0 0, L_0x561782d5fc20;  1 drivers
v0x561782d5e640_0 .net "a", 0 0, L_0x561782d5fa90;  alias, 1 drivers
v0x561782d5e700_0 .net "b", 0 0, L_0x561782d5fb80;  alias, 1 drivers
v0x561782d5e7a0_0 .net "y", 0 0, L_0x561782d5fcb0;  alias, 1 drivers
S_0x561782d5ef50 .scope module, "signals_generator" "Counter_Tests" 2 30, 4 15 0, S_0x561782d0a110;
 .timescale 0 0;
    .port_info 0 /OUTPUT 1 "clk"
    .port_info 1 /OUTPUT 1 "enb"
    .port_info 2 /OUTPUT 1 "modo"
    .port_info 3 /OUTPUT 4 "data"
    .port_info 4 /INPUT 4 "Q"
v0x561782d5f120_0 .net "Q", 3 0, v0x561782d458f0_0;  alias, 1 drivers
v0x561782d5f210_0 .var "clk", 0 0;
v0x561782d5f320_0 .var "data", 3 0;
v0x561782d5f410_0 .var "enb", 0 0;
v0x561782d5f500_0 .var "modo", 0 0;
    .scope S_0x561782d5ef50;
T_0 ;
    %pushi/vec4 0, 0, 1;
    %store/vec4 v0x561782d5f210_0, 0, 1;
    %end;
    .thread T_0;
    .scope S_0x561782d5ef50;
T_1 ;
    %delay 1, 0;
    %load/vec4 v0x561782d5f210_0;
    %inv;
    %store/vec4 v0x561782d5f210_0, 0, 1;
    %jmp T_1;
    .thread T_1;
    .scope S_0x561782d5ef50;
T_2 ;
    %vpi_call 4 28 "$dumpfile", "Counter.vcd" {0 0 0};
    %vpi_call 4 29 "$dumpvars" {0 0 0};
    %pushi/vec4 1, 0, 1;
    %store/vec4 v0x561782d5f500_0, 0, 1;
    %delay 3, 0;
    %pushi/vec4 1, 0, 1;
    %store/vec4 v0x561782d5f410_0, 0, 1;
    %delay 1, 0;
    %pushi/vec4 0, 0, 4;
    %store/vec4 v0x561782d5f320_0, 0, 4;
    %delay 3, 0;
    %pushi/vec4 0, 0, 1;
    %store/vec4 v0x561782d5f500_0, 0, 1;
    %delay 50, 0;
    %pushi/vec4 0, 0, 1;
    %store/vec4 v0x561782d5f410_0, 0, 1;
    %pushi/vec4 1, 0, 1;
    %store/vec4 v0x561782d5f500_0, 0, 1;
    %delay 3, 0;
    %pushi/vec4 1, 0, 1;
    %store/vec4 v0x561782d5f410_0, 0, 1;
    %delay 1, 0;
    %pushi/vec4 0, 0, 4;
    %store/vec4 v0x561782d5f320_0, 0, 4;
    %delay 3, 0;
    %pushi/vec4 0, 0, 1;
    %store/vec4 v0x561782d5f500_0, 0, 1;
    %delay 5, 0;
    %pushi/vec4 0, 0, 1;
    %store/vec4 v0x561782d5f410_0, 0, 1;
    %delay 10, 0;
    %pushi/vec4 1, 0, 1;
    %store/vec4 v0x561782d5f410_0, 0, 1;
    %pushi/vec4 1, 0, 1;
    %store/vec4 v0x561782d5f500_0, 0, 1;
    %delay 3, 0;
    %pushi/vec4 1, 0, 1;
    %store/vec4 v0x561782d5f410_0, 0, 1;
    %delay 1, 0;
    %pushi/vec4 2, 0, 4;
    %store/vec4 v0x561782d5f320_0, 0, 4;
    %delay 3, 0;
    %pushi/vec4 0, 0, 1;
    %store/vec4 v0x561782d5f500_0, 0, 1;
    %delay 10, 0;
    %vpi_call 4 56 "$finish" {0 0 0};
    %end;
    .thread T_2;
    .scope S_0x561782d45680;
T_3 ;
    %wait E_0x561782d44130;
    %load/vec4 v0x561782d5dfb0_0;
    %flag_set/vec4 8;
    %jmp/0xz  T_3.0, 8;
    %load/vec4 v0x561782d5e070_0;
    %dup/vec4;
    %pushi/vec4 0, 0, 1;
    %cmp/u;
    %jmp/1 T_3.2, 6;
    %dup/vec4;
    %pushi/vec4 1, 0, 1;
    %cmp/u;
    %jmp/1 T_3.3, 6;
    %load/vec4 v0x561782d458f0_0;
    %addi 1, 0, 4;
    %assign/vec4 v0x561782d458f0_0, 0;
    %jmp T_3.5;
T_3.2 ;
    %load/vec4 v0x561782d5e180_0;
    %inv;
    %flag_set/vec4 8;
    %jmp/0xz  T_3.6, 8;
    %pushi/vec4 0, 0, 4;
    %assign/vec4 v0x561782d458f0_0, 0;
    %jmp T_3.7;
T_3.6 ;
    %load/vec4 v0x561782d458f0_0;
    %addi 1, 0, 4;
    %assign/vec4 v0x561782d458f0_0, 0;
T_3.7 ;
    %jmp T_3.5;
T_3.3 ;
    %load/vec4 v0x561782d5def0_0;
    %assign/vec4 v0x561782d458f0_0, 0;
    %jmp T_3.5;
T_3.5 ;
    %pop/vec4 1;
T_3.0 ;
    %jmp T_3;
    .thread T_3;
# The file index is used to find the file name in the following table.
:file_names 5;
    "N/A";
    "<interactive>";
    "Counter_Tests_probador.v";
    "./Counter.v";
    "./Counter_Tests.v";
